Flutter crash report.
Please report a bug at https://github.com/flutter/flutter/issues.

## command

flutter --no-color pub get

## exception

FileSystemException: FileSystemException: readInto failed, path = '/Users/macbook/Documents/flutter/bin/internal/material_fonts.version' (OS Error: Operation timed out, errno = 60)

```
#0      _RandomAccessFile.readIntoSync (dart:io/file_impl.dart:947:7)
#1      _File.readAsBytesSync (dart:io/file_impl.dart:682:35)
#2      _File.readAsStringSync (dart:io/file_impl.dart:718:18)
#3      ForwardingFile.readAsStringSync (package:file/src/forwarding/forwarding_file.dart:99:16)
#4      ErrorHandlingFile.readAsStringSync.<anonymous closure> (package:flutter_tools/src/base/error_handling_io.dart:212:22)
#5      _runSync (package:flutter_tools/src/base/error_handling_io.dart:549:14)
#6      ErrorHandlingFile.readAsStringSync (package:flutter_tools/src/base/error_handling_io.dart:211:12)
#7      Cache.getVersionFor (package:flutter_tools/src/cache.dart:684:51)
#8      CachedArtifact.version (package:flutter_tools/src/cache.dart:857:32)
#9      CachedArtifact.isUpToDate (package:flutter_tools/src/cache.dart:871:9)
#10     Cache.updateAll (package:flutter_tools/src/cache.dart:763:26)
#11     FlutterCommand.verifyThenRunCommand (package:flutter_tools/src/runner/flutter_command.dart:1854:27)
#12     FlutterCommand.run.<anonymous closure> (package:flutter_tools/src/runner/flutter_command.dart:1563:33)
<asynchronous suspension>
#13     AppContext.run.<anonymous closure> (package:flutter_tools/src/base/context.dart:154:19)
<asynchronous suspension>
#14     CommandRunner.runCommand (package:args/command_runner.dart:212:13)
<asynchronous suspension>
#15     FlutterCommandRunner.runCommand.<anonymous closure> (package:flutter_tools/src/runner/flutter_command_runner.dart:494:9)
<asynchronous suspension>
#16     AppContext.run.<anonymous closure> (package:flutter_tools/src/base/context.dart:154:19)
<asynchronous suspension>
#17     FlutterCommandRunner.runCommand (package:flutter_tools/src/runner/flutter_command_runner.dart:431:5)
<asynchronous suspension>
#18     run.<anonymous closure>.<anonymous closure> (package:flutter_tools/runner.dart:98:11)
<asynchronous suspension>
#19     AppContext.run.<anonymous closure> (package:flutter_tools/src/base/context.dart:154:19)
<asynchronous suspension>
#20     main (package:flutter_tools/executable.dart:102:3)
<asynchronous suspension>
```

## flutter doctor

```
[â˜ ] Flutter (the doctor check crashed)
    âœ— Due to an error, the doctor check did not complete. If the error message below is not helpful, please let us know about this issue at https://github.com/flutter/flutter/issues.
    âœ— FileSystemException: readInto failed, path = '/Users/macbook/Documents/flutter/bin/cache/dart-sdk/bin/resources/devtools/version.json' (OS Error: Operation timed out, errno = 60)
    â€¢ #0      _RandomAccessFile.readIntoSync (dart:io/file_impl.dart:947:7)
      #1      _File.readAsBytesSync (dart:io/file_impl.dart:682:35)
      #2      _File.readAsStringSync (dart:io/file_impl.dart:718:18)
      #3      ForwardingFile.readAsStringSync (package:file/src/forwarding/forwarding_file.dart:99:16)
      #4      ErrorHandlingFile.readAsStringSync.<anonymous closure> (package:flutter_tools/src/base/error_handling_io.dart:212:22)
      #5      _runSync (package:flutter_tools/src/base/error_handling_io.dart:549:14)
      #6      ErrorHandlingFile.readAsStringSync (package:flutter_tools/src/base/error_handling_io.dart:211:12)
      #7      Cache.devToolsVersion (package:flutter_tools/src/cache.dart:436:51)
      #8      _DefaultDoctorValidatorsProvider.validators.<anonymous closure> (package:flutter_tools/src/doctor.dart:138:46)
      #9      FlutterValidator.validateImpl (package:flutter_tools/src/doctor.dart:594:84)
      #10     DoctorValidator.validate (package:flutter_tools/src/doctor_validator.dart:58:43)
      #11     Doctor.startValidatorTasks.<anonymous closure> (package:flutter_tools/src/doctor.dart:244:72)
      #12     asyncGuard.<anonymous closure> (package:flutter_tools/src/base/async_guard.dart:109:34)
      #13     _rootRun (dart:async/zone.dart:1525:13)
      #14     _CustomZone.run (dart:async/zone.dart:1422:19)
      #15     _runZoned (dart:async/zone.dart:2033:6)
      #16     runZonedGuarded (dart:async/zone.dart:2019:12)
      #17     runZoned (dart:async/zone.dart:1952:12)
      #18     asyncGuard (package:flutter_tools/src/base/async_guard.dart:106:3)
      #19     Doctor.startValidatorTasks (package:flutter_tools/src/doctor.dart:234:9)
      #20     DoctorText._validatorTasks (package:flutter_tools/src/doctor.dart:827:60)
      #21     DoctorText._validatorTasks (package:flutter_tools/src/doctor.dart)
      #22     DoctorText._runDiagnosis (package:flutter_tools/src/doctor.dart:832:32)
      #23     DoctorText.text (package:flutter_tools/src/doctor.dart:823:36)
      #24     DoctorText.text (package:flutter_tools/src/doctor.dart)
      #25     _createLocalCrashReport (package:flutter_tools/runner.dart:274:51)
      #26     _handleToolError (package:flutter_tools/runner.dart:235:31)
      <asynchronous suspension>
      #27     AppContext.run.<anonymous closure> (package:flutter_tools/src/base/context.dart:154:19)
      <asynchronous suspension>
      #28     main (package:flutter_tools/executable.dart:102:3)
      <asynchronous suspension>


[âœ“] Android toolchain - develop for Android devices (Android SDK version 35.0.1) [1,936ms]
    â€¢ Android SDK at /Users/macbook/Library/Android/sdk
    â€¢ Platform android-35, build-tools 35.0.1
    â€¢ Java binary at: /Applications/Android Studio.app/Contents/jbr/Contents/Home/bin/java
      This is the JDK bundled with the latest Android Studio installation on this machine.
      To manually set the JDK path, use: `flutter config --jdk-dir="path/to/jdk"`.
    â€¢ Java version OpenJDK Runtime Environment (build 21.0.6+-13368085-b895.109)
    â€¢ All Android licenses accepted.

[âœ“] Xcode - develop for iOS and macOS (Xcode 16.4) [756ms]
    â€¢ Xcode at /Applications/Xcode.app/Contents/Developer
    â€¢ Build 16F6
    â€¢ CocoaPods version 1.16.2

[âœ“] Chrome - develop for the web [6ms]
    â€¢ Chrome at /Applications/Google Chrome.app/Contents/MacOS/Google Chrome

[âœ“] Android Studio (version 2024.3) [6ms]
    â€¢ Android Studio at /Applications/Android Studio.app/Contents
    â€¢ Flutter plugin can be installed from:
      ðŸ”¨ https://plugins.jetbrains.com/plugin/9212-flutter
    â€¢ Dart plugin can be installed from:
      ðŸ”¨ https://plugins.jetbrains.com/plugin/6351-dart
    â€¢ Java version OpenJDK Runtime Environment (build 21.0.6+-13368085-b895.109)

[âœ“] VS Code (version 1.103.2) [5ms]
    â€¢ VS Code at /Users/macbook/Downloads/Visual Studio Code.app/Contents
    â€¢ Flutter extension version 3.112.0

[âœ“] Connected device (2 available) [6.1s]
    â€¢ macOS (desktop) â€¢ macos  â€¢ darwin-arm64   â€¢ macOS 26.0 25A354 darwin-arm64
    â€¢ Chrome (web)    â€¢ chrome â€¢ web-javascript â€¢ Google Chrome 140.0.7339.133

[!] Network resources [25ms]
    âœ— A network error occurred while checking "https://pub.dev/": Failed host lookup: 'pub.dev'
    âœ— A network error occurred while checking "https://storage.googleapis.com/": Failed host lookup: 'storage.googleapis.com'
    âœ— A network error occurred while checking "https://maven.google.com/": Failed host lookup: 'maven.google.com'
    âœ— A network error occurred while checking "https://cocoapods.org/": Failed host lookup: 'cocoapods.org'
    âœ— A network error occurred while checking "https://github.com/": Failed host lookup: 'github.com'

! Doctor found issues in 2 categories.
```
